05/24/2023 17:04:17 - WARNING - __main__ -   Process rank: 0, device: cuda:0, n_gpu: 1distributed training: True, 16-bits training: True
05/24/2023 17:04:17 - INFO - __main__ -   Training/evaluation parameters TrainingArguments(
_n_gpu=1,
adafactor=False,
adam_beta1=0.9,
adam_beta2=0.999,
adam_epsilon=1e-08,
auto_find_batch_size=False,
bf16=False,
bf16_full_eval=False,
data_seed=None,
dataloader_drop_last=False,
dataloader_num_workers=8,
dataloader_pin_memory=True,
ddp_backend=None,
ddp_bucket_cap_mb=None,
ddp_find_unused_parameters=None,
ddp_timeout=1800,
debug=[],
deepspeed=None,
disable_tqdm=False,
do_eval=True,
do_predict=False,
do_train=True,
eval_accumulation_steps=None,
eval_delay=0,
eval_steps=100,
evaluation_strategy=steps,
fp16=True,
fp16_backend=auto,
fp16_full_eval=False,
fp16_opt_level=O1,
fsdp=[],
fsdp_config={'fsdp_min_num_params': 0, 'xla': False, 'xla_fsdp_grad_ckpt': False},
fsdp_min_num_params=0,
fsdp_transformer_layer_cls_to_wrap=None,
full_determinism=False,
gradient_accumulation_steps=2,
gradient_checkpointing=False,
greater_is_better=None,
group_by_length=True,
half_precision_backend=auto,
hub_model_id=None,
hub_private_repo=False,
hub_strategy=every_save,
hub_token=<HUB_TOKEN>,
ignore_data_skip=False,
include_inputs_for_metrics=False,
jit_mode_eval=False,
label_names=None,
label_smoothing_factor=0.0,
learning_rate=0.0001,
length_column_name=length,
load_best_model_at_end=False,
local_rank=0,
log_level=passive,
log_level_replica=warning,
log_on_each_node=True,
logging_dir=/raid/data/m13519140/asr-model/output-models/wav2vec2-large-xlsr-indonesian/runs/May24_17-04-16_dgx-1b,
logging_first_step=False,
logging_nan_inf_filter=True,
logging_steps=100,
logging_strategy=steps,
lr_scheduler_type=linear,
max_grad_norm=1.0,
max_steps=-1,
metric_for_best_model=None,
mp_parameters=,
no_cuda=False,
num_train_epochs=60.0,
optim=adamw_hf,
optim_args=None,
output_dir=/raid/data/m13519140/asr-model/output-models/wav2vec2-large-xlsr-indonesian,
overwrite_output_dir=True,
past_index=-1,
per_device_eval_batch_size=8,
per_device_train_batch_size=16,
prediction_loss_only=False,
push_to_hub=False,
push_to_hub_model_id=None,
push_to_hub_organization=None,
push_to_hub_token=<PUSH_TO_HUB_TOKEN>,
ray_scope=last,
remove_unused_columns=True,
report_to=[],
resume_from_checkpoint=None,
run_name=/raid/data/m13519140/asr-model/output-models/wav2vec2-large-xlsr-indonesian,
save_on_each_node=False,
save_safetensors=False,
save_steps=100,
save_strategy=steps,
save_total_limit=1,
seed=42,
sharded_ddp=[],
skip_memory_metrics=True,
tf32=None,
torch_compile=False,
torch_compile_backend=None,
torch_compile_mode=None,
torchdynamo=None,
tpu_metrics_debug=False,
tpu_num_cores=None,
use_ipex=False,
use_legacy_prediction_loop=False,
use_mps_device=False,
warmup_ratio=0.0,
warmup_steps=300,
weight_decay=0.0,
xpu_backend=None,
)
05/24/2023 17:04:21 - WARNING - datasets.builder -   Found cached dataset common_voice (/raid/data/m13519140/asr-model/data/common_voice/id/6.1.0/220833898d6a60c50f621126e51fb22eb2dfe5244392c70dccd8e6e2f055f4bf)
05/24/2023 17:04:25 - WARNING - datasets.builder -   Found cached dataset common_voice (/raid/data/m13519140/asr-model/data/common_voice/id/6.1.0/220833898d6a60c50f621126e51fb22eb2dfe5244392c70dccd8e6e2f055f4bf)
05/24/2023 17:04:25 - WARNING - datasets.arrow_dataset -   Loading cached processed dataset at /raid/data/m13519140/asr-model/data/common_voice/id/6.1.0/220833898d6a60c50f621126e51fb22eb2dfe5244392c70dccd8e6e2f055f4bf/cache-4823f32c51361d36.arrow
05/24/2023 17:04:25 - WARNING - datasets.arrow_dataset -   Loading cached processed dataset at /raid/data/m13519140/asr-model/data/common_voice/id/6.1.0/220833898d6a60c50f621126e51fb22eb2dfe5244392c70dccd8e6e2f055f4bf/cache-73ca9945f08a92ff.arrow
05/24/2023 17:04:32 - WARNING - datasets.arrow_dataset -   Loading cached processed dataset at /raid/data/m13519140/asr-model/data/common_voice/id/6.1.0/220833898d6a60c50f621126e51fb22eb2dfe5244392c70dccd8e6e2f055f4bf/cache-06793e705c3474aa.arrow
05/24/2023 17:04:32 - WARNING - datasets.arrow_dataset -   Loading cached processed dataset at /raid/data/m13519140/asr-model/data/common_voice/id/6.1.0/220833898d6a60c50f621126e51fb22eb2dfe5244392c70dccd8e6e2f055f4bf/cache-5e464cd6bb1b2efa.arrow
